<?xml version="1.0" encoding="UTF-8"?>
<testng-results ignored="0" total="1" passed="1" failed="0" skipped="0">
  <reporter-output>
  </reporter-output>
  <suite started-at="2024-03-08T07:25:00Z" name="Default suite" finished-at="2024-03-08T07:25:10Z" duration-ms="10631">
    <groups>
    </groups>
    <test started-at="2024-03-08T07:25:00Z" name="Default test" finished-at="2024-03-08T07:25:10Z" duration-ms="10631">
      <class name="com.xyz.qa.testcases.Customer_Account_Page_Test">
        <test-method is-config="true" signature="setUp()[pri:0, instance:com.xyz.qa.testcases.Customer_Account_Page_Test@2767e23c]" started-at="2024-03-08T12:55:00Z" name="setUp" finished-at="2024-03-08T12:55:09Z" duration-ms="9071" status="PASS">
          <reporter-output>
          </reporter-output>
        </test-method> <!-- setUp -->
        <test-method signature="verifyCustomerAccountDetails()[pri:0, instance:com.xyz.qa.testcases.Customer_Account_Page_Test@2767e23c]" started-at="2024-03-08T12:55:09Z" name="verifyCustomerAccountDetails" finished-at="2024-03-08T12:55:10Z" duration-ms="646" status="PASS">
          <reporter-output>
          </reporter-output>
        </test-method> <!-- verifyCustomerAccountDetails -->
        <test-method is-config="true" signature="tearDown()[pri:0, instance:com.xyz.qa.testcases.Customer_Account_Page_Test@2767e23c]" started-at="2024-03-08T12:55:10Z" name="tearDown" finished-at="2024-03-08T12:55:10Z" duration-ms="875" status="PASS">
          <reporter-output>
          </reporter-output>
        </test-method> <!-- tearDown -->
      </class> <!-- com.xyz.qa.testcases.Customer_Account_Page_Test -->
    </test> <!-- Default test -->
  </suite> <!-- Default suite -->
</testng-results>
